[1.457s] Invoking command in '/Users/mafu/Desktop/project4080/demo/CPMR3/ros2_ws/src/cpmr_ch6': CONDA_PROMPT_MODIFIER=(ros_env) PYTHONPATH=/Users/mafu/Desktop/project4080/demo/CPMR3/ros2_ws/build/cpmr_ch6/prefix_override:/Users/mafu/miniforge3/envs/ros_env/lib/python3.10/site-packages/colcon_core/task/python/colcon_distutils_commands:/Users/mafu/Desktop/project4080/demo/CPMR3/ros2_ws/install/cpmr_ch6/lib/python3.10/site-packages:${PYTHONPATH} SHLVL=2 _=/Users/mafu/miniforge3/envs/ros_env/bin/env /Users/mafu/miniforge3/envs/ros_env/bin/python3.10 -W ignore:setup.py install is deprecated setup.py egg_info --egg-base ../../build/cpmr_ch6 build --build-base /Users/mafu/Desktop/project4080/demo/CPMR3/ros2_ws/build/cpmr_ch6/build install --record /Users/mafu/Desktop/project4080/demo/CPMR3/ros2_ws/build/cpmr_ch6/install.log --single-version-externally-managed install_data
[2.102s] running egg_info
[2.147s] writing ../../build/cpmr_ch6/cpmr_ch6.egg-info/PKG-INFO
[2.183s] writing dependency_links to ../../build/cpmr_ch6/cpmr_ch6.egg-info/dependency_links.txt
[2.272s] writing entry points to ../../build/cpmr_ch6/cpmr_ch6.egg-info/entry_points.txt
[2.332s] writing requirements to ../../build/cpmr_ch6/cpmr_ch6.egg-info/requires.txt
[2.362s] writing top-level names to ../../build/cpmr_ch6/cpmr_ch6.egg-info/top_level.txt
[2.418s] reading manifest file '../../build/cpmr_ch6/cpmr_ch6.egg-info/SOURCES.txt'
[2.420s] writing manifest file '../../build/cpmr_ch6/cpmr_ch6.egg-info/SOURCES.txt'
[2.421s] running build
[2.421s] running build_py
[2.421s] copying cpmr_ch6/auto_drive_by_road.py -> /Users/mafu/Desktop/project4080/demo/CPMR3/ros2_ws/build/cpmr_ch6/build/lib/cpmr_ch6
[2.422s] running install
[2.425s] running install_lib
[2.467s] copying /Users/mafu/Desktop/project4080/demo/CPMR3/ros2_ws/build/cpmr_ch6/build/lib/cpmr_ch6/auto_drive_by_road.py -> /Users/mafu/Desktop/project4080/demo/CPMR3/ros2_ws/install/cpmr_ch6/lib/python3.10/site-packages/cpmr_ch6
[2.468s] byte-compiling /Users/mafu/Desktop/project4080/demo/CPMR3/ros2_ws/install/cpmr_ch6/lib/python3.10/site-packages/cpmr_ch6/auto_drive_by_road.py to auto_drive_by_road.cpython-310.pyc
[2.469s] running install_data
[2.470s] copying launch/auto_drive_by_road.launch.py -> /Users/mafu/Desktop/project4080/demo/CPMR3/ros2_ws/install/cpmr_ch6/share/cpmr_ch6
[2.470s] running install_egg_info
[2.517s] removing '/Users/mafu/Desktop/project4080/demo/CPMR3/ros2_ws/install/cpmr_ch6/lib/python3.10/site-packages/cpmr_ch6-3.1.0-py3.10.egg-info' (and everything under it)
[2.518s] Copying ../../build/cpmr_ch6/cpmr_ch6.egg-info to /Users/mafu/Desktop/project4080/demo/CPMR3/ros2_ws/install/cpmr_ch6/lib/python3.10/site-packages/cpmr_ch6-3.1.0-py3.10.egg-info
[2.520s] running install_scripts
[2.632s] Installing auto_drive_by_line script to /Users/mafu/Desktop/project4080/demo/CPMR3/ros2_ws/install/cpmr_ch6/lib/cpmr_ch6
[2.632s] Installing auto_drive_by_road script to /Users/mafu/Desktop/project4080/demo/CPMR3/ros2_ws/install/cpmr_ch6/lib/cpmr_ch6
[2.632s] Installing drive_by_line script to /Users/mafu/Desktop/project4080/demo/CPMR3/ros2_ws/install/cpmr_ch6/lib/cpmr_ch6
[2.632s] Installing drive_by_road script to /Users/mafu/Desktop/project4080/demo/CPMR3/ros2_ws/install/cpmr_ch6/lib/cpmr_ch6
[2.632s] writing list of installed files to '/Users/mafu/Desktop/project4080/demo/CPMR3/ros2_ws/build/cpmr_ch6/install.log'
[2.663s] Invoked command in '/Users/mafu/Desktop/project4080/demo/CPMR3/ros2_ws/src/cpmr_ch6' returned '0': CONDA_PROMPT_MODIFIER=(ros_env) PYTHONPATH=/Users/mafu/Desktop/project4080/demo/CPMR3/ros2_ws/build/cpmr_ch6/prefix_override:/Users/mafu/miniforge3/envs/ros_env/lib/python3.10/site-packages/colcon_core/task/python/colcon_distutils_commands:/Users/mafu/Desktop/project4080/demo/CPMR3/ros2_ws/install/cpmr_ch6/lib/python3.10/site-packages:${PYTHONPATH} SHLVL=2 _=/Users/mafu/miniforge3/envs/ros_env/bin/env /Users/mafu/miniforge3/envs/ros_env/bin/python3.10 -W ignore:setup.py install is deprecated setup.py egg_info --egg-base ../../build/cpmr_ch6 build --build-base /Users/mafu/Desktop/project4080/demo/CPMR3/ros2_ws/build/cpmr_ch6/build install --record /Users/mafu/Desktop/project4080/demo/CPMR3/ros2_ws/build/cpmr_ch6/install.log --single-version-externally-managed install_data
