[1.268s] Invoking command in '/Users/mafu/Desktop/project4080/demo/CPMR3/ros2_ws/src/cpmr_ch6': CONDA_PROMPT_MODIFIER=(ros_env) PYTHONPATH=/Users/mafu/Desktop/project4080/demo/CPMR3/ros2_ws/build/cpmr_ch6/prefix_override:/Users/mafu/miniforge3/envs/ros_env/lib/python3.10/site-packages/colcon_core/task/python/colcon_distutils_commands:/Users/mafu/Desktop/project4080/demo/CPMR3/ros2_ws/install/cpmr_ch6/lib/python3.10/site-packages:${PYTHONPATH} SHLVL=2 _=/Users/mafu/miniforge3/envs/ros_env/bin/env /Users/mafu/miniforge3/envs/ros_env/bin/python3.10 -W ignore:setup.py install is deprecated setup.py egg_info --egg-base ../../build/cpmr_ch6 build --build-base /Users/mafu/Desktop/project4080/demo/CPMR3/ros2_ws/build/cpmr_ch6/build install --record /Users/mafu/Desktop/project4080/demo/CPMR3/ros2_ws/build/cpmr_ch6/install.log --single-version-externally-managed install_data
[1.860s] running egg_info
[1.900s] writing ../../build/cpmr_ch6/cpmr_ch6.egg-info/PKG-INFO
[1.933s] writing dependency_links to ../../build/cpmr_ch6/cpmr_ch6.egg-info/dependency_links.txt
[2.017s] writing entry points to ../../build/cpmr_ch6/cpmr_ch6.egg-info/entry_points.txt
[2.072s] writing requirements to ../../build/cpmr_ch6/cpmr_ch6.egg-info/requires.txt
[2.099s] writing top-level names to ../../build/cpmr_ch6/cpmr_ch6.egg-info/top_level.txt
[2.151s] reading manifest file '../../build/cpmr_ch6/cpmr_ch6.egg-info/SOURCES.txt'
[2.152s] writing manifest file '../../build/cpmr_ch6/cpmr_ch6.egg-info/SOURCES.txt'
[2.152s] running build
[2.152s] running build_py
[2.152s] copying cpmr_ch6/auto_drive_by_road.py -> /Users/mafu/Desktop/project4080/demo/CPMR3/ros2_ws/build/cpmr_ch6/build/lib/cpmr_ch6
[2.153s] running install
[2.157s] running install_lib
[2.195s] copying /Users/mafu/Desktop/project4080/demo/CPMR3/ros2_ws/build/cpmr_ch6/build/lib/cpmr_ch6/auto_drive_by_road.py -> /Users/mafu/Desktop/project4080/demo/CPMR3/ros2_ws/install/cpmr_ch6/lib/python3.10/site-packages/cpmr_ch6
[2.196s] byte-compiling /Users/mafu/Desktop/project4080/demo/CPMR3/ros2_ws/install/cpmr_ch6/lib/python3.10/site-packages/cpmr_ch6/auto_drive_by_road.py to auto_drive_by_road.cpython-310.pyc
[2.197s] running install_data
[2.197s] running install_egg_info
[2.236s] removing '/Users/mafu/Desktop/project4080/demo/CPMR3/ros2_ws/install/cpmr_ch6/lib/python3.10/site-packages/cpmr_ch6-3.1.0-py3.10.egg-info' (and everything under it)
[2.238s] Copying ../../build/cpmr_ch6/cpmr_ch6.egg-info to /Users/mafu/Desktop/project4080/demo/CPMR3/ros2_ws/install/cpmr_ch6/lib/python3.10/site-packages/cpmr_ch6-3.1.0-py3.10.egg-info
[2.240s] running install_scripts
[2.340s] Installing auto_drive_by_line script to /Users/mafu/Desktop/project4080/demo/CPMR3/ros2_ws/install/cpmr_ch6/lib/cpmr_ch6
[2.340s] Installing auto_drive_by_road script to /Users/mafu/Desktop/project4080/demo/CPMR3/ros2_ws/install/cpmr_ch6/lib/cpmr_ch6
[2.340s] Installing drive_by_line script to /Users/mafu/Desktop/project4080/demo/CPMR3/ros2_ws/install/cpmr_ch6/lib/cpmr_ch6
[2.340s] Installing drive_by_road script to /Users/mafu/Desktop/project4080/demo/CPMR3/ros2_ws/install/cpmr_ch6/lib/cpmr_ch6
[2.340s] writing list of installed files to '/Users/mafu/Desktop/project4080/demo/CPMR3/ros2_ws/build/cpmr_ch6/install.log'
[2.361s] Invoked command in '/Users/mafu/Desktop/project4080/demo/CPMR3/ros2_ws/src/cpmr_ch6' returned '0': CONDA_PROMPT_MODIFIER=(ros_env) PYTHONPATH=/Users/mafu/Desktop/project4080/demo/CPMR3/ros2_ws/build/cpmr_ch6/prefix_override:/Users/mafu/miniforge3/envs/ros_env/lib/python3.10/site-packages/colcon_core/task/python/colcon_distutils_commands:/Users/mafu/Desktop/project4080/demo/CPMR3/ros2_ws/install/cpmr_ch6/lib/python3.10/site-packages:${PYTHONPATH} SHLVL=2 _=/Users/mafu/miniforge3/envs/ros_env/bin/env /Users/mafu/miniforge3/envs/ros_env/bin/python3.10 -W ignore:setup.py install is deprecated setup.py egg_info --egg-base ../../build/cpmr_ch6 build --build-base /Users/mafu/Desktop/project4080/demo/CPMR3/ros2_ws/build/cpmr_ch6/build install --record /Users/mafu/Desktop/project4080/demo/CPMR3/ros2_ws/build/cpmr_ch6/install.log --single-version-externally-managed install_data
