[1.353s] Invoking command in '/Users/mafu/Desktop/project4080/demo/CPMR3/ros2_ws/src/cpmr_ch6': CONDA_PROMPT_MODIFIER=(ros_env_2) PYTHONPATH=/Users/mafu/Desktop/project4080/demo/CPMR3/ros2_ws/build/cpmr_ch6/prefix_override:/Users/mafu/miniforge3/envs/ros_env_2/lib/python3.10/site-packages/colcon_core/task/python/colcon_distutils_commands:/Users/mafu/Desktop/project4080/demo/CPMR3/ros2_ws/install/cpmr_ch6/lib/python3.10/site-packages:${PYTHONPATH} SHLVL=2 _=/Users/mafu/miniforge3/envs/ros_env_2/bin/env /Users/mafu/miniforge3/envs/ros_env_2/bin/python3.10 -W ignore:setup.py install is deprecated setup.py egg_info --egg-base ../../build/cpmr_ch6 build --build-base /Users/mafu/Desktop/project4080/demo/CPMR3/ros2_ws/build/cpmr_ch6/build install --record /Users/mafu/Desktop/project4080/demo/CPMR3/ros2_ws/build/cpmr_ch6/install.log --single-version-externally-managed install_data
[1.900s] running egg_info
[1.940s] writing ../../build/cpmr_ch6/cpmr_ch6.egg-info/PKG-INFO
[1.969s] writing dependency_links to ../../build/cpmr_ch6/cpmr_ch6.egg-info/dependency_links.txt
[2.058s] writing entry points to ../../build/cpmr_ch6/cpmr_ch6.egg-info/entry_points.txt
[2.117s] writing requirements to ../../build/cpmr_ch6/cpmr_ch6.egg-info/requires.txt
[2.146s] writing top-level names to ../../build/cpmr_ch6/cpmr_ch6.egg-info/top_level.txt
[2.201s] reading manifest file '../../build/cpmr_ch6/cpmr_ch6.egg-info/SOURCES.txt'
[2.202s] writing manifest file '../../build/cpmr_ch6/cpmr_ch6.egg-info/SOURCES.txt'
[2.202s] running build
[2.202s] running build_py
[2.202s] copying cpmr_ch6/auto_drive_by_road.py -> /Users/mafu/Desktop/project4080/demo/CPMR3/ros2_ws/build/cpmr_ch6/build/lib/cpmr_ch6
[2.203s] running install
[2.208s] running install_lib
[2.247s] copying /Users/mafu/Desktop/project4080/demo/CPMR3/ros2_ws/build/cpmr_ch6/build/lib/cpmr_ch6/auto_drive_by_road.py -> /Users/mafu/Desktop/project4080/demo/CPMR3/ros2_ws/install/cpmr_ch6/lib/python3.10/site-packages/cpmr_ch6
[2.248s] byte-compiling /Users/mafu/Desktop/project4080/demo/CPMR3/ros2_ws/install/cpmr_ch6/lib/python3.10/site-packages/cpmr_ch6/auto_drive_by_road.py to auto_drive_by_road.cpython-310.pyc
[2.249s] running install_data
[2.250s] running install_egg_info
[2.289s] removing '/Users/mafu/Desktop/project4080/demo/CPMR3/ros2_ws/install/cpmr_ch6/lib/python3.10/site-packages/cpmr_ch6-3.1.0-py3.10.egg-info' (and everything under it)
[2.290s] Copying ../../build/cpmr_ch6/cpmr_ch6.egg-info to /Users/mafu/Desktop/project4080/demo/CPMR3/ros2_ws/install/cpmr_ch6/lib/python3.10/site-packages/cpmr_ch6-3.1.0-py3.10.egg-info
[2.292s] running install_scripts
[2.386s] Installing auto_drive_by_line script to /Users/mafu/Desktop/project4080/demo/CPMR3/ros2_ws/install/cpmr_ch6/lib/cpmr_ch6
[2.386s] Installing auto_drive_by_road script to /Users/mafu/Desktop/project4080/demo/CPMR3/ros2_ws/install/cpmr_ch6/lib/cpmr_ch6
[2.386s] Installing drive_by_line script to /Users/mafu/Desktop/project4080/demo/CPMR3/ros2_ws/install/cpmr_ch6/lib/cpmr_ch6
[2.386s] Installing drive_by_road script to /Users/mafu/Desktop/project4080/demo/CPMR3/ros2_ws/install/cpmr_ch6/lib/cpmr_ch6
[2.386s] writing list of installed files to '/Users/mafu/Desktop/project4080/demo/CPMR3/ros2_ws/build/cpmr_ch6/install.log'
[2.410s] Invoked command in '/Users/mafu/Desktop/project4080/demo/CPMR3/ros2_ws/src/cpmr_ch6' returned '0': CONDA_PROMPT_MODIFIER=(ros_env_2) PYTHONPATH=/Users/mafu/Desktop/project4080/demo/CPMR3/ros2_ws/build/cpmr_ch6/prefix_override:/Users/mafu/miniforge3/envs/ros_env_2/lib/python3.10/site-packages/colcon_core/task/python/colcon_distutils_commands:/Users/mafu/Desktop/project4080/demo/CPMR3/ros2_ws/install/cpmr_ch6/lib/python3.10/site-packages:${PYTHONPATH} SHLVL=2 _=/Users/mafu/miniforge3/envs/ros_env_2/bin/env /Users/mafu/miniforge3/envs/ros_env_2/bin/python3.10 -W ignore:setup.py install is deprecated setup.py egg_info --egg-base ../../build/cpmr_ch6 build --build-base /Users/mafu/Desktop/project4080/demo/CPMR3/ros2_ws/build/cpmr_ch6/build install --record /Users/mafu/Desktop/project4080/demo/CPMR3/ros2_ws/build/cpmr_ch6/install.log --single-version-externally-managed install_data
